<?xml version="1.0" encoding="UTF-8" ?>
<testsuite errors="0" failures="0" hostname="osiris" name="br.org.mosaic.tests.TestingStyleProperty" tests="4" time="0.081" timestamp="2012-03-04T20:10:35">
  <properties>
[...]
</properties>
  <testcase classname="br.org.mosaic.tests.TestingStyleProperty" name="testStringStyleUsingStyleName" time="0.0070" />
  <testcase classname="br.org.mosaic.tests.TestingStyleProperty" name="testCreatingSimpleStyleProperty" time="0.0010" />
  <testcase classname="br.org.mosaic.tests.TestingStyleProperty" name="testCreatingSeveralStyleProperty" time="0.0" />
  <testcase classname="br.org.mosaic.tests.TestingStyleProperty" name="testTrimmingInStyleFormat" time="0.0010" />
  <system-out><![CDATA[]]></system-out>
  <system-err><![CDATA[]]></system-err>
</testsuite>
